<?xml version="1.0" encoding="UTF-8"?>
<!-- Generated by org.testng.reporters.JUnitXMLReporter -->
<testsuite ignored="0" hostname="DESKTOP-F0VVDAF" failures="0" tests="6" name="Test" time="0.103" errors="0" timestamp="2021-11-08T00:45:29 GMT-08:00">
  <testcase classname="GeethaAcademy.Mavenjava.AppiumTest" name="appium" time="0.008"/>
  <testcase classname="GeethaAcademy.Mavenjava.AppiumTest" name="appium1" time="0.0"/>
  <testcase classname="GeethaAcademy.Mavenjava.SeleniumTest" name="selenese" time="0.0"/>
  <testcase classname="GeethaAcademy.Mavenjava.SeleniumTest" name="selenese1" time="0.0"/>
  <testcase classname="GeethaAcademy.Mavenjava.APITest" name="api" time="0.0"/>
  <testcase classname="GeethaAcademy.Mavenjava.APITest" name="api1" time="0.001"/>
</testsuite> <!-- Test -->
