<?xml version="1.0" encoding="UTF-8"?>
<testng-results ignored="0" total="2" passed="2" failed="0" skipped="0">
  <reporter-output>
  </reporter-output>
  <suite started-at="2021-11-08T00:54:48 GMT-08:00" name="Surefire suite" finished-at="2021-11-08T00:54:48 GMT-08:00" duration-ms="76">
    <groups>
    </groups>
    <test started-at="2021-11-08T00:54:48 GMT-08:00" name="Surefire test" finished-at="2021-11-08T00:54:48 GMT-08:00" duration-ms="76">
      <class name="GeethaAcademy.Mavenjava.AppiumTest">
        <test-method signature="appium()[pri:0, instance:GeethaAcademy.Mavenjava.AppiumTest@57175e74]" started-at="2021-11-08T00:54:48 GMT-08:00" name="appium" finished-at="2021-11-08T00:54:48 GMT-08:00" duration-ms="7" status="PASS">
          <reporter-output>
          </reporter-output>
        </test-method> <!-- appium -->
        <test-method signature="appium1()[pri:0, instance:GeethaAcademy.Mavenjava.AppiumTest@57175e74]" started-at="2021-11-08T00:54:48 GMT-08:00" name="appium1" finished-at="2021-11-08T00:54:48 GMT-08:00" duration-ms="0" status="PASS">
          <reporter-output>
          </reporter-output>
        </test-method> <!-- appium1 -->
      </class> <!-- GeethaAcademy.Mavenjava.AppiumTest -->
    </test> <!-- Surefire test -->
  </suite> <!-- Surefire suite -->
</testng-results>
